<?xml version="1.0" encoding="UTF-8"?>
<testng-results skipped="0" failed="0" ignored="0" total="2" passed="2">
  <reporter-output>
  </reporter-output>
  <suite name="nopCommerce" duration-ms="28334" started-at="2020-03-18T18:09:15Z" finished-at="2020-03-18T18:09:43Z">
    <groups>
    </groups>
    <test name="firefoxtest" duration-ms="14132" started-at="2020-03-18T18:09:15Z" finished-at="2020-03-18T18:09:29Z">
      <class name="com.nopcommerce.testCases.TC_LoginTest_001">
        <test-method status="PASS" signature="setup(java.lang.String)[pri:0, instance:com.nopcommerce.testCases.TC_LoginTest_001@1184ab05]" name="setup" is-config="true" duration-ms="6033" started-at="2020-03-18T18:09:15Z" finished-at="2020-03-18T18:09:21Z">
          <params>
            <param index="0">
              <value>
                <![CDATA[firefox]]>
              </value>
            </param>
          </params>
          <reporter-output>
          </reporter-output>
        </test-method> <!-- setup -->
        <test-method status="PASS" signature="loginTest()[pri:0, instance:com.nopcommerce.testCases.TC_LoginTest_001@1184ab05]" name="loginTest" duration-ms="6413" started-at="2020-03-18T18:09:21Z" finished-at="2020-03-18T18:09:27Z">
          <reporter-output>
          </reporter-output>
        </test-method> <!-- loginTest -->
        <test-method status="PASS" signature="tearDown()[pri:0, instance:com.nopcommerce.testCases.TC_LoginTest_001@1184ab05]" name="tearDown" is-config="true" duration-ms="1449" started-at="2020-03-18T18:09:27Z" finished-at="2020-03-18T18:09:29Z">
          <reporter-output>
          </reporter-output>
        </test-method> <!-- tearDown -->
      </class> <!-- com.nopcommerce.testCases.TC_LoginTest_001 -->
    </test> <!-- firefoxtest -->
    <test name="chrometest" duration-ms="28334" started-at="2020-03-18T18:09:15Z" finished-at="2020-03-18T18:09:43Z">
      <class name="com.nopcommerce.testCases.TC_AddCustomerTest_003">
        <test-method status="PASS" signature="setup(java.lang.String)[pri:0, instance:com.nopcommerce.testCases.TC_AddCustomerTest_003@2b6faea6]" name="setup" is-config="true" duration-ms="10954" started-at="2020-03-18T18:09:15Z" finished-at="2020-03-18T18:09:26Z">
          <params>
            <param index="0">
              <value>
                <![CDATA[chrome]]>
              </value>
            </param>
          </params>
          <reporter-output>
          </reporter-output>
        </test-method> <!-- setup -->
        <test-method status="PASS" signature="addNewCustomer()[pri:0, instance:com.nopcommerce.testCases.TC_AddCustomerTest_003@2b6faea6]" name="addNewCustomer" duration-ms="16573" started-at="2020-03-18T18:09:26Z" finished-at="2020-03-18T18:09:42Z">
          <reporter-output>
          </reporter-output>
        </test-method> <!-- addNewCustomer -->
        <test-method status="PASS" signature="tearDown()[pri:0, instance:com.nopcommerce.testCases.TC_AddCustomerTest_003@2b6faea6]" name="tearDown" is-config="true" duration-ms="635" started-at="2020-03-18T18:09:42Z" finished-at="2020-03-18T18:09:43Z">
          <reporter-output>
          </reporter-output>
        </test-method> <!-- tearDown -->
      </class> <!-- com.nopcommerce.testCases.TC_AddCustomerTest_003 -->
    </test> <!-- chrometest -->
  </suite> <!-- nopCommerce -->
</testng-results>
